https://crm.invagrocontinentalvet.com/,ScheduleReprots,"2020-09-28 22:16:01",Array,,[],
https://crm.invagrocontinentalvet.com/,"ScheduleReprots Send Mail Start ::","2020-09-28 22:16:01","2020-09-28 22:16:01",,[],
https://crm.invagrocontinentalvet.com/,"ScheduleReprot Name ::","2020-09-28 22:16:01","ventas por semana anterior ",,[],
https://crm.invagrocontinentalvet.com/,"ScheduleReprot Send Mail Status ","2020-09-28 22:16:01",,,[],
https://crm.invagrocontinentalvet.com/,"ScheduleReprot Next Trigger Time >> ","2020-09-28 22:16:01","2020-10-05 05:00:00",,[],
https://crm.invagrocontinentalvet.com/,ScheduleReprot,"2020-09-28 22:16:01","Next Trigger Time updated",,[],
https://crm.invagrocontinentalvet.com/,ScheduleReprots,"2020-09-28 22:16:01",Array,,[],
https://crm.invagrocontinentalvet.com/,"ScheduleReprots Send Mail Start ::","2020-09-28 22:16:01","2020-09-28 22:16:01",,[],
https://crm.invagrocontinentalvet.com/,"ScheduleReprot Name ::","2020-09-28 22:16:01","ventas por cuatrimestre",,[],
https://crm.invagrocontinentalvet.com/,"ScheduleReprot Send Mail Status ","2020-09-28 22:16:01",,,[],
https://crm.invagrocontinentalvet.com/,"ScheduleReprot Next Trigger Time >> ","2020-09-28 22:16:01","2020-10-05 05:00:00",,[],
https://crm.invagrocontinentalvet.com/,ScheduleReprot,"2020-09-28 22:16:01","Next Trigger Time updated",,[],
https://crm.invagrocontinentalvet.com/,ScheduleReprots,"2020-09-28 22:16:01",Array,,[],
https://crm.invagrocontinentalvet.com/,"ScheduleReprots Send Mail Start ::","2020-09-28 22:16:01","2020-09-28 22:16:01",,[],
https://crm.invagrocontinentalvet.com/,"ScheduleReprot Name ::","2020-09-28 22:16:01","ventas por mes",,[],
https://crm.invagrocontinentalvet.com/,"ScheduleReprot Send Mail Status ","2020-09-28 22:16:01",,,[],
https://crm.invagrocontinentalvet.com/,"ScheduleReprot Next Trigger Time >> ","2020-09-28 22:16:01","2020-10-05 05:00:00",,[],
https://crm.invagrocontinentalvet.com/,ScheduleReprot,"2020-09-28 22:16:01","Next Trigger Time updated",,[],
https://crm.invagrocontinentalvet.com/,ScheduleReprots,"2020-10-02 22:16:02",Array,,"{""currentid"":1048}",
https://crm.invagrocontinentalvet.com/,"ScheduleReprots Send Mail Start ::","2020-10-02 22:16:02","2020-10-02 22:16:02",,"{""currentid"":1048}",
https://crm.invagrocontinentalvet.com/,"ScheduleReprot Name ::","2020-10-02 22:16:02","CUENTAS POR COBRAR",,"{""currentid"":1048}",
https://crm.invagrocontinentalvet.com/,"ScheduleReprot Send Mail Status ","2020-10-02 22:16:03",,,"{""currentid"":1048}",
https://crm.invagrocontinentalvet.com/,"ScheduleReprot Next Trigger Time >> ","2020-10-02 22:16:03","2020-10-05 14:00:00",,"{""currentid"":1048}",
https://crm.invagrocontinentalvet.com/,ScheduleReprot,"2020-10-02 22:16:03","Next Trigger Time updated",,"{""currentid"":1048}",
https://crm.invagrocontinentalvet.com/,ScheduleReprots,"2020-10-05 22:16:01",Array,,[],
https://crm.invagrocontinentalvet.com/,"ScheduleReprots Send Mail Start ::","2020-10-05 22:16:01","2020-10-05 22:16:01",,[],
https://crm.invagrocontinentalvet.com/,"ScheduleReprot Name ::","2020-10-05 22:16:01","ventas por semana anterior ",,[],
https://crm.invagrocontinentalvet.com/,"ScheduleReprot Send Mail Status ","2020-10-05 22:16:02",,,[],
https://crm.invagrocontinentalvet.com/,"ScheduleReprot Next Trigger Time >> ","2020-10-05 22:16:02","2020-10-12 05:00:00",,[],
https://crm.invagrocontinentalvet.com/,ScheduleReprot,"2020-10-05 22:16:02","Next Trigger Time updated",,[],
https://crm.invagrocontinentalvet.com/,ScheduleReprots,"2020-10-05 22:16:02",Array,,[],
https://crm.invagrocontinentalvet.com/,"ScheduleReprots Send Mail Start ::","2020-10-05 22:16:02","2020-10-05 22:16:02",,[],
https://crm.invagrocontinentalvet.com/,"ScheduleReprot Name ::","2020-10-05 22:16:02","ventas por cuatrimestre",,[],
https://crm.invagrocontinentalvet.com/,"ScheduleReprot Send Mail Status ","2020-10-05 22:16:02",,,[],
https://crm.invagrocontinentalvet.com/,"ScheduleReprot Next Trigger Time >> ","2020-10-05 22:16:02","2020-10-12 05:00:00",,[],
https://crm.invagrocontinentalvet.com/,ScheduleReprot,"2020-10-05 22:16:02","Next Trigger Time updated",,[],
https://crm.invagrocontinentalvet.com/,ScheduleReprots,"2020-10-05 22:16:02",Array,,[],
https://crm.invagrocontinentalvet.com/,"ScheduleReprots Send Mail Start ::","2020-10-05 22:16:02","2020-10-05 22:16:02",,[],
https://crm.invagrocontinentalvet.com/,"ScheduleReprot Name ::","2020-10-05 22:16:02","ventas por mes",,[],
https://crm.invagrocontinentalvet.com/,"ScheduleReprot Send Mail Status ","2020-10-05 22:16:02",,,[],
https://crm.invagrocontinentalvet.com/,"ScheduleReprot Next Trigger Time >> ","2020-10-05 22:16:02","2020-10-12 05:00:00",,[],
https://crm.invagrocontinentalvet.com/,ScheduleReprot,"2020-10-05 22:16:02","Next Trigger Time updated",,[],
https://crm.invagrocontinentalvet.com/,ScheduleReprots,"2020-10-05 22:16:02",Array,,[],
https://crm.invagrocontinentalvet.com/,"ScheduleReprots Send Mail Start ::","2020-10-05 22:16:02","2020-10-05 22:16:02",,[],
https://crm.invagrocontinentalvet.com/,"ScheduleReprot Name ::","2020-10-05 22:16:02","CUENTAS POR COBRAR",,[],
https://crm.invagrocontinentalvet.com/,"ScheduleReprot Send Mail Status ","2020-10-05 22:16:02",,,[],
https://crm.invagrocontinentalvet.com/,"ScheduleReprot Next Trigger Time >> ","2020-10-05 22:16:02","2020-10-09 14:00:00",,[],
https://crm.invagrocontinentalvet.com/,ScheduleReprot,"2020-10-05 22:16:02","Next Trigger Time updated",,[],
https://crm.invagrocontinentalvet.com/,ScheduleReprots,"2020-10-09 22:16:02",Array,,"{""currentid"":1144}",
https://crm.invagrocontinentalvet.com/,"ScheduleReprots Send Mail Start ::","2020-10-09 22:16:02","2020-10-09 22:16:02",,"{""currentid"":1144}",
https://crm.invagrocontinentalvet.com/,"ScheduleReprot Name ::","2020-10-09 22:16:02","CUENTAS POR COBRAR",,"{""currentid"":1144}",
https://crm.invagrocontinentalvet.com/,"ScheduleReprot Send Mail Status ","2020-10-09 22:16:02",,,"{""currentid"":1144}",
https://crm.invagrocontinentalvet.com/,"ScheduleReprot Next Trigger Time >> ","2020-10-09 22:16:02","2020-10-12 14:00:00",,"{""currentid"":1144}",
https://crm.invagrocontinentalvet.com/,ScheduleReprot,"2020-10-09 22:16:02","Next Trigger Time updated",,"{""currentid"":1144}",
https://crm.invagrocontinentalvet.com/,ScheduleReprots,"2020-10-12 22:16:01",Array,,[],
https://crm.invagrocontinentalvet.com/,"ScheduleReprots Send Mail Start ::","2020-10-12 22:16:01","2020-10-12 22:16:01",,[],
https://crm.invagrocontinentalvet.com/,"ScheduleReprot Name ::","2020-10-12 22:16:01","ventas por semana anterior ",,[],
https://crm.invagrocontinentalvet.com/,"ScheduleReprot Send Mail Status ","2020-10-12 22:16:01",,,[],
https://crm.invagrocontinentalvet.com/,"ScheduleReprot Next Trigger Time >> ","2020-10-12 22:16:01","2020-10-19 05:00:00",,[],
https://crm.invagrocontinentalvet.com/,ScheduleReprot,"2020-10-12 22:16:01","Next Trigger Time updated",,[],
https://crm.invagrocontinentalvet.com/,ScheduleReprots,"2020-10-12 22:16:01",Array,,[],
https://crm.invagrocontinentalvet.com/,"ScheduleReprots Send Mail Start ::","2020-10-12 22:16:01","2020-10-12 22:16:01",,[],
https://crm.invagrocontinentalvet.com/,"ScheduleReprot Name ::","2020-10-12 22:16:01","ventas por cuatrimestre",,[],
https://crm.invagrocontinentalvet.com/,"ScheduleReprot Send Mail Status ","2020-10-12 22:16:01",,,[],
https://crm.invagrocontinentalvet.com/,"ScheduleReprot Next Trigger Time >> ","2020-10-12 22:16:01","2020-10-19 05:00:00",,[],
https://crm.invagrocontinentalvet.com/,ScheduleReprot,"2020-10-12 22:16:01","Next Trigger Time updated",,[],
https://crm.invagrocontinentalvet.com/,ScheduleReprots,"2020-10-12 22:16:01",Array,,[],
https://crm.invagrocontinentalvet.com/,"ScheduleReprots Send Mail Start ::","2020-10-12 22:16:01","2020-10-12 22:16:01",,[],
https://crm.invagrocontinentalvet.com/,"ScheduleReprot Name ::","2020-10-12 22:16:01","ventas por mes",,[],
https://crm.invagrocontinentalvet.com/,"ScheduleReprot Send Mail Status ","2020-10-12 22:16:01",,,[],
https://crm.invagrocontinentalvet.com/,"ScheduleReprot Next Trigger Time >> ","2020-10-12 22:16:01","2020-10-19 05:00:00",,[],
https://crm.invagrocontinentalvet.com/,ScheduleReprot,"2020-10-12 22:16:01","Next Trigger Time updated",,[],
https://crm.invagrocontinentalvet.com/,ScheduleReprots,"2020-10-12 22:16:01",Array,,[],
https://crm.invagrocontinentalvet.com/,"ScheduleReprots Send Mail Start ::","2020-10-12 22:16:01","2020-10-12 22:16:01",,[],
https://crm.invagrocontinentalvet.com/,"ScheduleReprot Name ::","2020-10-12 22:16:01","CUENTAS POR COBRAR",,[],
https://crm.invagrocontinentalvet.com/,"ScheduleReprot Send Mail Status ","2020-10-12 22:16:01",,,[],
https://crm.invagrocontinentalvet.com/,"ScheduleReprot Next Trigger Time >> ","2020-10-12 22:16:01","2020-10-16 14:00:00",,[],
https://crm.invagrocontinentalvet.com/,ScheduleReprot,"2020-10-12 22:16:01","Next Trigger Time updated",,[],
https://crm.invagrocontinentalvet.com/,ScheduleReprots,"2020-10-16 22:16:01",Array,,[],
https://crm.invagrocontinentalvet.com/,"ScheduleReprots Send Mail Start ::","2020-10-16 22:16:01","2020-10-16 22:16:01",,[],
https://crm.invagrocontinentalvet.com/,"ScheduleReprot Name ::","2020-10-16 22:16:01","CUENTAS POR COBRAR",,[],
https://crm.invagrocontinentalvet.com/,"ScheduleReprot Send Mail Status ","2020-10-16 22:16:01",,,[],
https://crm.invagrocontinentalvet.com/,"ScheduleReprot Next Trigger Time >> ","2020-10-16 22:16:01","2020-10-19 14:00:00",,[],
https://crm.invagrocontinentalvet.com/,ScheduleReprot,"2020-10-16 22:16:01","Next Trigger Time updated",,[],
